<?xml version="1.0" encoding="UTF-8"?>
<!-- Generated by org.testng.reporters.JUnitReportReporter -->
<testsuite skipped="0" hostname="Lenovo-PC" name="AutomationTest.BrightTalkTest.RunnerTest" tests="2" failures="0" timestamp="2020-06-24T20:02:40 IST" time="27.622" errors="0">
  <testcase name="feature" time="16.784" classname="AutomationTest.BrightTalkTest.RunnerTest"/>
  <testcase name="feature" time="10.838" classname="AutomationTest.BrightTalkTest.RunnerTest"/>
</testsuite> <!-- AutomationTest.BrightTalkTest.RunnerTest -->
